#
# There is insufficient memory for the Java Runtime Environment to continue.
# Native memory allocation (mmap) failed to map 130023424 bytes for committing reserved memory.
# Possible reasons:
#   The system is out of physical RAM or swap space
#   The process is running with CompressedOops enabled, and the Java Heap may be blocking the growth of the native heap
# Possible solutions:
#   Reduce memory load on the system
#   Increase physical memory or swap space
#   Check if swap backing store is full
#   Decrease Java heap size (-Xmx/-Xms)
#   Decrease number of Java threads
#   Decrease Java thread stack sizes (-Xss)
#   Set larger code cache with -XX:ReservedCodeCacheSize=
# This output file may be truncated or incomplete.
#
#  Out of Memory Error (os_linux.cpp:2706), pid=21847, tid=21854
#
# JRE version:  (10.0.2+13) (build )
# Java VM: OpenJDK 64-Bit Server VM (10.0.2+13-Ubuntu-1ubuntu0.18.04.4, mixed mode, aot, tiered, compressed oops, g1 gc, linux-amd64)
# Core dump will be written. Default location: Core dumps may be processed with "/usr/share/apport/apport %p %s %c %d %P" (or dumping to /home/excilys/eclipse-workspace/multi-module/training-java/webapp/core.21847)
#

---------------  S U M M A R Y ------------

Command Line: -Dmaven.home=EMBEDDED -Dclassworlds.conf=/home/excilys/eclipse-workspace/.metadata/.plugins/org.eclipse.m2e.launching/launches/m2conf6009885257058300826.tmp -Dmaven.multiModuleProjectDirectory=/home/excilys/eclipse-workspace/multi-module/training-java/webapp -Dfile.encoding=UTF-8 org.codehaus.plexus.classworlds.launcher.Launcher -B clean

Host: Intel(R) Core(TM) i5-4300U CPU @ 1.90GHz, 4 cores, 7G, Ubuntu 18.04.2 LTS
Time: Mon Apr 29 16:38:10 2019 CEST elapsed time: 0 seconds (0d 0h 0m 0s)

---------------  T H R E A D  ---------------

Current thread (0x00007f6ea8012000):  JavaThread "Unknown thread" [_thread_in_vm, id=21854, stack(0x00007f6eb1bbf000,0x00007f6eb1cc0000)]

Stack: [0x00007f6eb1bbf000,0x00007f6eb1cc0000],  sp=0x00007f6eb1cbe2e0,  free space=1020k
Native frames: (J=compiled Java code, A=aot compiled Java code, j=interpreted, Vv=VM code, C=native code)
V  [libjvm.so+0xd27ea4]
V  [libjvm.so+0xd28a4b]
V  [libjvm.so+0x64d415]
V  [libjvm.so+0xb2d7c8]
V  [libjvm.so+0xb2601d]
V  [libjvm.so+0x7662ff]
V  [libjvm.so+0x76653e]
V  [libjvm.so+0x769500]
V  [libjvm.so+0x7efa1c]
V  [libjvm.so+0x7f06df]
V  [libjvm.so+0x7f0b59]
V  [libjvm.so+0x7162cf]
V  [libjvm.so+0x71afd3]
V  [libjvm.so+0xce5dc2]
V  [libjvm.so+0xce60c6]
V  [libjvm.so+0x807d57]
V  [libjvm.so+0xcc7ac4]
V  [libjvm.so+0x8601b1]  JNI_CreateJavaVM+0x51
C  [libjli.so+0x3d83]
C  [libjli.so+0x89dd]
C  [libpthread.so.0+0x76db]  start_thread+0xdb


---------------  P R O C E S S  ---------------

Threads class SMR info:
_java_thread_list=0x000055b046be1850, length=0, elements={
}

Java Threads: ( => current thread )

Other Threads:
  0x00007f6ea8028800 GCTaskThread "GC Thread#0" [stack: 0x00007f6eadce3000,0x00007f6eadde3000] [id=21855]
  0x00007f6ea802a000 GCTaskThread "GC Thread#1" [stack: 0x00007f6eadbe1000,0x00007f6eadce1000] [id=21856]
  0x00007f6ea802b800 GCTaskThread "GC Thread#2" [stack: 0x00007f6eadadf000,0x00007f6eadbdf000] [id=21857]
  0x00007f6ea802d800 GCTaskThread "GC Thread#3" [stack: 0x00007f6ead9dd000,0x00007f6eadadd000] [id=21858]
  0x00007f6ea8056800 ConcurrentGCThread "G1 Main Marker" [stack: 0x00007f6eac949000,0x00007f6eaca49000] [id=21859]
  0x00007f6ea8058800 ConcurrentGCThread "G1 Conc#0" [stack: 0x00007f6eac847000,0x00007f6eac947000] [id=21860]

[error occurred during error reporting (printing all threads), id 0xe0000002]

VM state:not at safepoint (not fully initialized)

VM Mutex/Monitor currently owned by a thread:  ([mutex/lock_event])
[0x00007f6ea800ead0] Heap_lock - owner thread: 0x00007f6ea8012000

Heap address: 0x0000000084c00000, size: 1972 MB, Compressed Oops mode: Non-zero based: 0x0000000084c00000
Narrow klass base: 0x0000000000000000, Narrow klass shift: 0

GC Heap History (0 events):
No events

Deoptimization events (0 events):
No events

Classes redefined (0 events):
No events

Internal exceptions (0 events):
No events

Events (0 events):
No events


Dynamic libraries:
8c800000-100000000 ---p 00000000 00:00 0 
55b045862000-55b045863000 r-xp 00000000 08:01 3674438                    /usr/lib/jvm/java-11-openjdk-amd64/bin/java
55b045a63000-55b045a64000 r--p 00001000 08:01 3674438                    /usr/lib/jvm/java-11-openjdk-amd64/bin/java
55b045a64000-55b045a65000 rw-p 00002000 08:01 3674438                    /usr/lib/jvm/java-11-openjdk-amd64/bin/java
55b046bca000-55b046beb000 rw-p 00000000 00:00 0                          [heap]
7f6e6c000000-7f6e6c021000 rw-p 00000000 00:00 0 
7f6e6c021000-7f6e70000000 ---p 00000000 00:00 0 
7f6e74000000-7f6e74021000 rw-p 00000000 00:00 0 
7f6e74021000-7f6e78000000 ---p 00000000 00:00 0 
7f6e78000000-7f6e78021000 rw-p 00000000 00:00 0 
7f6e78021000-7f6e7c000000 ---p 00000000 00:00 0 
7f6e7c130000-7f6e7e130000 rw-p 00000000 00:00 0 
7f6e7e130000-7f6e80000000 ---p 00000000 00:00 0 
7f6e80000000-7f6e80021000 rw-p 00000000 00:00 0 
7f6e80021000-7f6e84000000 ---p 00000000 00:00 0 
7f6e84000000-7f6e84021000 rw-p 00000000 00:00 0 
7f6e84021000-7f6e88000000 ---p 00000000 00:00 0 
7f6e88000000-7f6e88021000 rw-p 00000000 00:00 0 
7f6e88021000-7f6e8c000000 ---p 00000000 00:00 0 
7f6e8dc55000-7f6e8fb25000 ---p 00000000 00:00 0 
7f6e8fb25000-7f6e8fd95000 rwxp 00000000 00:00 0 
7f6e8fd95000-7f6e900b5000 ---p 00000000 00:00 0 
7f6e900b5000-7f6e90325000 rwxp 00000000 00:00 0 
7f6e90325000-7f6e975ed000 ---p 00000000 00:00 0 
7f6e975ed000-7f6e9785d000 rwxp 00000000 00:00 0 
7f6e9785d000-7f6e9eb25000 ---p 00000000 00:00 0 
7f6e9eb25000-7f6ea8000000 r--s 00000000 08:01 3677010                    /usr/lib/jvm/java-11-openjdk-amd64/lib/modules
7f6ea8000000-7f6ea806f000 rw-p 00000000 00:00 0 
7f6ea806f000-7f6eac000000 ---p 00000000 00:00 0 
7f6eac441000-7f6eac845000 rw-p 00000000 00:00 0 
7f6eac845000-7f6eac846000 ---p 00000000 00:00 0 
7f6eac846000-7f6eac947000 rw-p 00000000 00:00 0 
7f6eac947000-7f6eac948000 ---p 00000000 00:00 0 
7f6eac948000-7f6eaca49000 rw-p 00000000 00:00 0 
7f6eaca49000-7f6ead5d7000 ---p 00000000 00:00 0 
7f6ead5d7000-7f6ead9db000 rw-p 00000000 00:00 0 
7f6ead9db000-7f6ead9dc000 ---p 00000000 00:00 0 
7f6ead9dc000-7f6eadadd000 rw-p 00000000 00:00 0 
7f6eadadd000-7f6eadade000 ---p 00000000 00:00 0 
7f6eadade000-7f6eadbdf000 rw-p 00000000 00:00 0 
7f6eadbdf000-7f6eadbe0000 ---p 00000000 00:00 0 
7f6eadbe0000-7f6eadce1000 rw-p 00000000 00:00 0 
7f6eadce1000-7f6eadce2000 ---p 00000000 00:00 0 
7f6eadce2000-7f6eadde8000 rw-p 00000000 00:00 0 
7f6eadde8000-7f6eadece000 ---p 00000000 00:00 0 
7f6eadece000-7f6eaded3000 rw-p 00000000 00:00 0 
7f6eaded3000-7f6eadfb9000 ---p 00000000 00:00 0 
7f6eadfb9000-7f6eadfbe000 r-xp 00000000 08:01 3676979                    /usr/lib/jvm/java-11-openjdk-amd64/lib/libjimage.so
7f6eadfbe000-7f6eae1bd000 ---p 00005000 08:01 3676979                    /usr/lib/jvm/java-11-openjdk-amd64/lib/libjimage.so
7f6eae1bd000-7f6eae1be000 r--p 00004000 08:01 3676979                    /usr/lib/jvm/java-11-openjdk-amd64/lib/libjimage.so
7f6eae1be000-7f6eae1bf000 rw-p 00005000 08:01 3676979                    /usr/lib/jvm/java-11-openjdk-amd64/lib/libjimage.so
7f6eae1bf000-7f6eae1c6000 r-xp 00000000 08:01 3677009                    /usr/lib/jvm/java-11-openjdk-amd64/lib/libzip.so
7f6eae1c6000-7f6eae3c5000 ---p 00007000 08:01 3677009                    /usr/lib/jvm/java-11-openjdk-amd64/lib/libzip.so
7f6eae3c5000-7f6eae3c6000 r--p 00006000 08:01 3677009                    /usr/lib/jvm/java-11-openjdk-amd64/lib/libzip.so
7f6eae3c6000-7f6eae3c7000 rw-p 00007000 08:01 3677009                    /usr/lib/jvm/java-11-openjdk-amd64/lib/libzip.so
7f6eae3c7000-7f6eae3d2000 r-xp 00000000 08:01 3412830                    /lib/x86_64-linux-gnu/libnss_files-2.27.so
7f6eae3d2000-7f6eae5d1000 ---p 0000b000 08:01 3412830                    /lib/x86_64-linux-gnu/libnss_files-2.27.so
7f6eae5d1000-7f6eae5d2000 r--p 0000a000 08:01 3412830                    /lib/x86_64-linux-gnu/libnss_files-2.27.so
7f6eae5d2000-7f6eae5d3000 rw-p 0000b000 08:01 3412830                    /lib/x86_64-linux-gnu/libnss_files-2.27.so
7f6eae5d3000-7f6eae5d9000 rw-p 00000000 00:00 0 
7f6eae5d9000-7f6eae5f0000 r-xp 00000000 08:01 3412824                    /lib/x86_64-linux-gnu/libnsl-2.27.so
7f6eae5f0000-7f6eae7ef000 ---p 00017000 08:01 3412824                    /lib/x86_64-linux-gnu/libnsl-2.27.so
7f6eae7ef000-7f6eae7f0000 r--p 00016000 08:01 3412824                    /lib/x86_64-linux-gnu/libnsl-2.27.so
7f6eae7f0000-7f6eae7f1000 rw-p 00017000 08:01 3412824                    /lib/x86_64-linux-gnu/libnsl-2.27.so
7f6eae7f1000-7f6eae7f3000 rw-p 00000000 00:00 0 
7f6eae7f3000-7f6eae7fe000 r-xp 00000000 08:01 3412841                    /lib/x86_64-linux-gnu/libnss_nis-2.27.so
7f6eae7fe000-7f6eae9fd000 ---p 0000b000 08:01 3412841                    /lib/x86_64-linux-gnu/libnss_nis-2.27.so
7f6eae9fd000-7f6eae9fe000 r--p 0000a000 08:01 3412841                    /lib/x86_64-linux-gnu/libnss_nis-2.27.so
7f6eae9fe000-7f6eae9ff000 rw-p 0000b000 08:01 3412841                    /lib/x86_64-linux-gnu/libnss_nis-2.27.so
7f6eae9ff000-7f6eaea07000 r-xp 00000000 08:01 3412826                    /lib/x86_64-linux-gnu/libnss_compat-2.27.so
7f6eaea07000-7f6eaec07000 ---p 00008000 08:01 3412826                    /lib/x86_64-linux-gnu/libnss_compat-2.27.so
7f6eaec07000-7f6eaec08000 r--p 00008000 08:01 3412826                    /lib/x86_64-linux-gnu/libnss_compat-2.27.so
7f6eaec08000-7f6eaec09000 rw-p 00009000 08:01 3412826                    /lib/x86_64-linux-gnu/libnss_compat-2.27.so
7f6eaec09000-7f6eaec35000 r-xp 00000000 08:01 3676033                    /usr/lib/jvm/java-11-openjdk-amd64/lib/libjava.so
7f6eaec35000-7f6eaee34000 ---p 0002c000 08:01 3676033                    /usr/lib/jvm/java-11-openjdk-amd64/lib/libjava.so
7f6eaee34000-7f6eaee35000 r--p 0002b000 08:01 3676033                    /usr/lib/jvm/java-11-openjdk-amd64/lib/libjava.so
7f6eaee35000-7f6eaee37000 rw-p 0002c000 08:01 3676033                    /usr/lib/jvm/java-11-openjdk-amd64/lib/libjava.so
7f6eaee37000-7f6eaee44000 r-xp 00000000 08:01 3677008                    /usr/lib/jvm/java-11-openjdk-amd64/lib/libverify.so
7f6eaee44000-7f6eaf043000 ---p 0000d000 08:01 3677008                    /usr/lib/jvm/java-11-openjdk-amd64/lib/libverify.so
7f6eaf043000-7f6eaf045000 r--p 0000c000 08:01 3677008                    /usr/lib/jvm/java-11-openjdk-amd64/lib/libverify.so
7f6eaf045000-7f6eaf046000 rw-p 0000e000 08:01 3677008                    /usr/lib/jvm/java-11-openjdk-amd64/lib/libverify.so
7f6eaf046000-7f6eaf04d000 r-xp 00000000 08:01 3412881                    /lib/x86_64-linux-gnu/librt-2.27.so
7f6eaf04d000-7f6eaf24c000 ---p 00007000 08:01 3412881                    /lib/x86_64-linux-gnu/librt-2.27.so
7f6eaf24c000-7f6eaf24d000 r--p 00006000 08:01 3412881                    /lib/x86_64-linux-gnu/librt-2.27.so
7f6eaf24d000-7f6eaf24e000 rw-p 00007000 08:01 3412881                    /lib/x86_64-linux-gnu/librt-2.27.so
7f6eaf24e000-7f6eaf265000 r-xp 00000000 08:01 3412777                    /lib/x86_64-linux-gnu/libgcc_s.so.1
7f6eaf265000-7f6eaf464000 ---p 00017000 08:01 3412777                    /lib/x86_64-linux-gnu/libgcc_s.so.1
7f6eaf464000-7f6eaf465000 r--p 00016000 08:01 3412777                    /lib/x86_64-linux-gnu/libgcc_s.so.1
7f6eaf465000-7f6eaf466000 rw-p 00017000 08:01 3412777                    /lib/x86_64-linux-gnu/libgcc_s.so.1
7f6eaf466000-7f6eaf603000 r-xp 00000000 08:01 3412803                    /lib/x86_64-linux-gnu/libm-2.27.so
7f6eaf603000-7f6eaf802000 ---p 0019d000 08:01 3412803                    /lib/x86_64-linux-gnu/libm-2.27.so
7f6eaf802000-7f6eaf803000 r--p 0019c000 08:01 3412803                    /lib/x86_64-linux-gnu/libm-2.27.so
7f6eaf803000-7f6eaf804000 rw-p 0019d000 08:01 3412803                    /lib/x86_64-linux-gnu/libm-2.27.so
7f6eaf804000-7f6eaf97d000 r-xp 00000000 08:01 3675602                    /usr/lib/x86_64-linux-gnu/libstdc++.so.6.0.25
7f6eaf97d000-7f6eafb7d000 ---p 00179000 08:01 3675602                    /usr/lib/x86_64-linux-gnu/libstdc++.so.6.0.25
7f6eafb7d000-7f6eafb87000 r--p 00179000 08:01 3675602                    /usr/lib/x86_64-linux-gnu/libstdc++.so.6.0.25
7f6eafb87000-7f6eafb89000 rw-p 00183000 08:01 3675602                    /usr/lib/x86_64-linux-gnu/libstdc++.so.6.0.25
7f6eafb89000-7f6eafb8d000 rw-p 00000000 00:00 0 
7f6eafb8d000-7f6eb0b2a000 r-xp 00000000 08:01 4329076                    /usr/lib/jvm/java-11-openjdk-amd64/lib/server/libjvm.so
7f6eb0b2a000-7f6eb0d2a000 ---p 00f9d000 08:01 4329076                    /usr/lib/jvm/java-11-openjdk-amd64/lib/server/libjvm.so
7f6eb0d2a000-7f6eb0dee000 r--p 00f9d000 08:01 4329076                    /usr/lib/jvm/java-11-openjdk-amd64/lib/server/libjvm.so
7f6eb0dee000-7f6eb0e26000 rw-p 01061000 08:01 4329076                    /usr/lib/jvm/java-11-openjdk-amd64/lib/server/libjvm.so
7f6eb0e26000-7f6eb0e6f000 rw-p 00000000 00:00 0 
7f6eb0e6f000-7f6eb0e89000 r-xp 00000000 08:01 3412873                    /lib/x86_64-linux-gnu/libpthread-2.27.so
7f6eb0e89000-7f6eb1088000 ---p 0001a000 08:01 3412873                    /lib/x86_64-linux-gnu/libpthread-2.27.so
7f6eb1088000-7f6eb1089000 r--p 00019000 08:01 3412873                    /lib/x86_64-linux-gnu/libpthread-2.27.so
7f6eb1089000-7f6eb108a000 rw-p 0001a000 08:01 3412873                    /lib/x86_64-linux-gnu/libpthread-2.27.so
7f6eb108a000-7f6eb108e000 rw-p 00000000 00:00 0 
7f6eb108e000-7f6eb1091000 r-xp 00000000 08:01 3412763                    /lib/x86_64-linux-gnu/libdl-2.27.so
7f6eb1091000-7f6eb1290000 ---p 00003000 08:01 3412763                    /lib/x86_64-linux-gnu/libdl-2.27.so
7f6eb1290000-7f6eb1291000 r--p 00002000 08:01 3412763                    /lib/x86_64-linux-gnu/libdl-2.27.so
7f6eb1291000-7f6eb1292000 rw-p 00003000 08:01 3412763                    /lib/x86_64-linux-gnu/libdl-2.27.so
7f6eb1292000-7f6eb12ae000 r-xp 00000000 08:01 3412912                    /lib/x86_64-linux-gnu/libz.so.1.2.11
7f6eb12ae000-7f6eb14ad000 ---p 0001c000 08:01 3412912                    /lib/x86_64-linux-gnu/libz.so.1.2.11
7f6eb14ad000-7f6eb14ae000 r--p 0001b000 08:01 3412912                    /lib/x86_64-linux-gnu/libz.so.1.2.11
7f6eb14ae000-7f6eb14af000 rw-p 0001c000 08:01 3412912                    /lib/x86_64-linux-gnu/libz.so.1.2.11
7f6eb14af000-7f6eb1696000 r-xp 00000000 08:01 3412740                    /lib/x86_64-linux-gnu/libc-2.27.so
7f6eb1696000-7f6eb1896000 ---p 001e7000 08:01 3412740                    /lib/x86_64-linux-gnu/libc-2.27.so
7f6eb1896000-7f6eb189a000 r--p 001e7000 08:01 3412740                    /lib/x86_64-linux-gnu/libc-2.27.so
7f6eb189a000-7f6eb189c000 rw-p 001eb000 08:01 3412740                    /lib/x86_64-linux-gnu/libc-2.27.so
7f6eb189c000-7f6eb18a0000 rw-p 00000000 00:00 0 
7f6eb18a0000-7f6eb18af000 r-xp 00000000 08:01 3935410                    /usr/lib/jvm/java-11-openjdk-amd64/lib/jli/libjli.so
7f6eb18af000-7f6eb1aae000 ---p 0000f000 08:01 3935410                    /usr/lib/jvm/java-11-openjdk-amd64/lib/jli/libjli.so
7f6eb1aae000-7f6eb1aaf000 r--p 0000e000 08:01 3935410                    /usr/lib/jvm/java-11-openjdk-amd64/lib/jli/libjli.so
7f6eb1aaf000-7f6eb1ab0000 rw-p 0000f000 08:01 3935410                    /usr/lib/jvm/java-11-openjdk-amd64/lib/jli/libjli.so
7f6eb1ab0000-7f6eb1ad7000 r-xp 00000000 08:01 3412712                    /lib/x86_64-linux-gnu/ld-2.27.so
7f6eb1af5000-7f6eb1bb8000 rw-p 00000000 00:00 0 
7f6eb1bb8000-7f6eb1bbf000 ---p 00000000 00:00 0 
7f6eb1bbf000-7f6eb1bc3000 ---p 00000000 00:00 0 
7f6eb1bc3000-7f6eb1cc2000 rw-p 00000000 00:00 0 
7f6eb1cca000-7f6eb1ccb000 rw-p 00000000 00:00 0 
7f6eb1ccb000-7f6eb1cd3000 rw-s 00000000 08:01 4197372                    /tmp/hsperfdata_excilys/21847
7f6eb1cd3000-7f6eb1cd4000 ---p 00000000 00:00 0 
7f6eb1cd4000-7f6eb1cd5000 r--p 00000000 00:00 0 
7f6eb1cd5000-7f6eb1cd7000 rw-p 00000000 00:00 0 
7f6eb1cd7000-7f6eb1cd8000 r--p 00027000 08:01 3412712                    /lib/x86_64-linux-gnu/ld-2.27.so
7f6eb1cd8000-7f6eb1cd9000 rw-p 00028000 08:01 3412712                    /lib/x86_64-linux-gnu/ld-2.27.so
7f6eb1cd9000-7f6eb1cda000 rw-p 00000000 00:00 0 
7ffe5a252000-7ffe5a273000 rw-p 00000000 00:00 0                          [stack]
7ffe5a2ee000-7ffe5a2f1000 r--p 00000000 00:00 0                          [vvar]
7ffe5a2f1000-7ffe5a2f3000 r-xp 00000000 00:00 0                          [vdso]
ffffffffff600000-ffffffffff601000 r-xp 00000000 00:00 0                  [vsyscall]


VM Arguments:
jvm_args: -Dmaven.home=EMBEDDED -Dclassworlds.conf=/home/excilys/eclipse-workspace/.metadata/.plugins/org.eclipse.m2e.launching/launches/m2conf6009885257058300826.tmp -Dmaven.multiModuleProjectDirectory=/home/excilys/eclipse-workspace/multi-module/training-java/webapp -Dfile.encoding=UTF-8 
java_command: org.codehaus.plexus.classworlds.launcher.Launcher -B clean
java_class_path (initial): /snap/eclipse/40/plugins/org.eclipse.m2e.maven.runtime_1.11.0.20190220-2117/jars/plexus-classworlds-2.5.2.jar
Launcher Type: SUN_STANDARD

Logging:
Log output configuration:
#0: stdout all=warning uptime,level,tags
#1: stderr all=off uptime,level,tags

Environment Variables:
PATH=/usr/local/sbin:/usr/local/bin:/usr/sbin:/usr/bin:/sbin:/bin:/usr/games:/usr/local/games:/snap/bin
USERNAME=excilys
SHELL=/bin/bash
DISPLAY=:0

Signal Handlers:
SIGSEGV: [libjvm.so+0xd28b70], sa_mask[0]=11111111011111111101111111111110, sa_flags=SA_RESTART|SA_SIGINFO
SIGBUS: [libjvm.so+0xd28b70], sa_mask[0]=11111111011111111101111111111110, sa_flags=SA_RESTART|SA_SIGINFO
SIGFPE: [libjvm.so+0xd28b70], sa_mask[0]=11111111011111111101111111111110, sa_flags=SA_RESTART|SA_SIGINFO
SIGPIPE: [libjvm.so+0xb2a1f0], sa_mask[0]=11111111011111111101111111111110, sa_flags=SA_RESTART|SA_SIGINFO
SIGXFSZ: [libjvm.so+0xb2a1f0], sa_mask[0]=11111111011111111101111111111110, sa_flags=SA_RESTART|SA_SIGINFO
SIGILL: [libjvm.so+0xd28b70], sa_mask[0]=11111111011111111101111111111110, sa_flags=SA_RESTART|SA_SIGINFO
SIGUSR2: [libjvm.so+0xb2a030], sa_mask[0]=00100000000000000000000000000000, sa_flags=SA_RESTART|SA_SIGINFO
SIGHUP: SIG_DFL, sa_mask[0]=00000000000000000000000000000000, sa_flags=none
SIGINT: SIG_DFL, sa_mask[0]=00000000000000000000000000000000, sa_flags=none
SIGTERM: SIG_DFL, sa_mask[0]=00000000000000000000000000000000, sa_flags=none
SIGQUIT: SIG_DFL, sa_mask[0]=00000000000000000000000000000000, sa_flags=none


---------------  S Y S T E M  ---------------

OS:DISTRIB_ID=Ubuntu
DISTRIB_RELEASE=18.04
DISTRIB_CODENAME=bionic
DISTRIB_DESCRIPTION="Ubuntu 18.04.2 LTS"
uname:Linux 4.18.0-16-generic #17~18.04.1-Ubuntu SMP Tue Feb 12 13:35:51 UTC 2019 x86_64
libc:glibc 2.27 NPTL 2.27 
rlimit: STACK 8192k, CORE 0k, NPROC 31357, NOFILE 1048576, AS infinity, DATA infinity, FSIZE infinity
load average:1.15 4.85 7.52

/proc/meminfo:
MemTotal:        8071788 kB
MemFree:          126260 kB
MemAvailable:      48948 kB
Buffers:            3636 kB
Cached:           229340 kB
SwapCached:         1648 kB
Active:          6718032 kB
Inactive:         861856 kB
Active(anon):    6681748 kB
Inactive(anon):   837848 kB
Active(file):      36284 kB
Inactive(file):    24008 kB
Unevictable:          88 kB
Mlocked:              88 kB
SwapTotal:       2097148 kB
SwapFree:              0 kB
Dirty:               192 kB
Writeback:             0 kB
AnonPages:       7346396 kB
Mapped:           125268 kB
Shmem:            171752 kB
Slab:             134856 kB
SReclaimable:      56532 kB
SUnreclaim:        78324 kB
KernelStack:       31648 kB
PageTables:        92040 kB
NFS_Unstable:          0 kB
Bounce:                0 kB
WritebackTmp:          0 kB
CommitLimit:     6133040 kB
Committed_AS:   17944576 kB
VmallocTotal:   34359738367 kB
VmallocUsed:           0 kB
VmallocChunk:          0 kB
HardwareCorrupted:     0 kB
AnonHugePages:         0 kB
ShmemHugePages:        0 kB
ShmemPmdMapped:        0 kB
CmaTotal:              0 kB
CmaFree:               0 kB
HugePages_Total:       0
HugePages_Free:        0
HugePages_Rsvd:        0
HugePages_Surp:        0
Hugepagesize:       2048 kB
Hugetlb:               0 kB
DirectMap4k:      401176 kB
DirectMap2M:     7890944 kB
DirectMap1G:           0 kB

container (cgroup) information:
container_type: cgroupv1
cpu_cpuset_cpus: 0-3
cpu_memory_nodes: 0
active_processor_count: 4
cpu_quota: -1
cpu_period: 100000
cpu_shares: -1
memory_limit_in_bytes: -1
memory_and_swap_limit_in_bytes: -2
memory_soft_limit_in_bytes: -1
memory_usage_in_bytes: 7762886656
memory_max_usage_in_bytes: 36417536


CPU:total 4 (initial active 4) (2 cores per cpu, 2 threads per core) family 6 model 69 stepping 1, cmov, cx8, fxsr, mmx, sse, sse2, sse3, ssse3, sse4.1, sse4.2, popcnt, avx, avx2, aes, clmul, erms, lzcnt, ht, tsc, tscinvbit, bmi1, bmi2, fma
CPU Model and flags from /proc/cpuinfo:
model name	: Intel(R) Core(TM) i5-4300U CPU @ 1.90GHz
flags		: fpu vme de pse tsc msr pae mce cx8 apic sep mtrr pge mca cmov pat pse36 clflush dts acpi mmx fxsr sse sse2 ss ht tm pbe syscall nx pdpe1gb rdtscp lm constant_tsc arch_perfmon pebs bts rep_good nopl xtopology nonstop_tsc cpuid aperfmperf pni pclmulqdq dtes64 monitor ds_cpl vmx smx est tm2 ssse3 sdbg fma cx16 xtpr pdcm pcid sse4_1 sse4_2 x2apic movbe popcnt tsc_deadline_timer aes xsave avx f16c rdrand lahf_lm abm cpuid_fault epb invpcid_single pti ssbd ibrs ibpb stibp tpr_shadow vnmi flexpriority ept vpid fsgsbase tsc_adjust bmi1 avx2 smep bmi2 erms invpcid xsaveopt dtherm ida arat pln pts flush_l1d

Memory: 4k page, physical 8071788k(126260k free), swap 2097148k(0k free)

vm_info: OpenJDK 64-Bit Server VM (10.0.2+13-Ubuntu-1ubuntu0.18.04.4) for linux-amd64 JRE (10.0.2+13-Ubuntu-1ubuntu0.18.04.4), built on Nov 13 2018 12:53:39 by "buildd" with gcc 7.3.0

END.
